Determining if the pthread_create exist failed with the following output:
Change Dir: /home/hetarthvader/robomuse3xt_ws/src/serial/build/CMakeFiles/CMakeTmp

Run Build Command:"/usr/bin/make" "cmTC_e75f3/fast"
make[1]: Entering directory '/home/hetarthvader/robomuse3xt_ws/src/serial/build/CMakeFiles/CMakeTmp'
/usr/bin/make -f CMakeFiles/cmTC_e75f3.dir/build.make CMakeFiles/cmTC_e75f3.dir/build
make[2]: Entering directory '/home/hetarthvader/robomuse3xt_ws/src/serial/build/CMakeFiles/CMakeTmp'
Building C object CMakeFiles/cmTC_e75f3.dir/CheckSymbolExists.c.o
/usr/bin/cc     -o CMakeFiles/cmTC_e75f3.dir/CheckSymbolExists.c.o   -c /home/hetarthvader/robomuse3xt_ws/src/serial/build/CMakeFiles/CMakeTmp/CheckSymbolExists.c
Linking C executable cmTC_e75f3
/usr/bin/cmake -E cmake_link_script CMakeFiles/cmTC_e75f3.dir/link.txt --verbose=1
/usr/bin/cc       CMakeFiles/cmTC_e75f3.dir/CheckSymbolExists.c.o  -o cmTC_e75f3 -rdynamic 
CMakeFiles/cmTC_e75f3.dir/CheckSymbolExists.c.o: In function `main':
CheckSymbolExists.c:(.text+0x16): undefined reference to `pthread_create'
collect2: error: ld returned 1 exit status
CMakeFiles/cmTC_e75f3.dir/build.make:97: recipe for target 'cmTC_e75f3' failed
make[2]: *** [cmTC_e75f3] Error 1
make[2]: Leaving directory '/home/hetarthvader/robomuse3xt_ws/src/serial/build/CMakeFiles/CMakeTmp'
Makefile:126: recipe for target 'cmTC_e75f3/fast' failed
make[1]: *** [cmTC_e75f3/fast] Error 2
make[1]: Leaving directory '/home/hetarthvader/robomuse3xt_ws/src/serial/build/CMakeFiles/CMakeTmp'

File /home/hetarthvader/robomuse3xt_ws/src/serial/build/CMakeFiles/CMakeTmp/CheckSymbolExists.c:
/* */
#include <pthread.h>

int main(int argc, char** argv)
{
  (void)argv;
#ifndef pthread_create
  return ((int*)(&pthread_create))[argc];
#else
  (void)argc;
  return 0;
#endif
}

Determining if the function pthread_create exists in the pthreads failed with the following output:
Change Dir: /home/hetarthvader/robomuse3xt_ws/src/serial/build/CMakeFiles/CMakeTmp

Run Build Command:"/usr/bin/make" "cmTC_6472e/fast"
make[1]: Entering directory '/home/hetarthvader/robomuse3xt_ws/src/serial/build/CMakeFiles/CMakeTmp'
/usr/bin/make -f CMakeFiles/cmTC_6472e.dir/build.make CMakeFiles/cmTC_6472e.dir/build
make[2]: Entering directory '/home/hetarthvader/robomuse3xt_ws/src/serial/build/CMakeFiles/CMakeTmp'
Building C object CMakeFiles/cmTC_6472e.dir/CheckFunctionExists.c.o
/usr/bin/cc    -DCHECK_FUNCTION_EXISTS=pthread_create   -o CMakeFiles/cmTC_6472e.dir/CheckFunctionExists.c.o   -c /usr/share/cmake-3.5/Modules/CheckFunctionExists.c
Linking C executable cmTC_6472e
/usr/bin/cmake -E cmake_link_script CMakeFiles/cmTC_6472e.dir/link.txt --verbose=1
/usr/bin/cc   -DCHECK_FUNCTION_EXISTS=pthread_create    CMakeFiles/cmTC_6472e.dir/CheckFunctionExists.c.o  -o cmTC_6472e -rdynamic -lpthreads 
/usr/bin/ld: cannot find -lpthreads
collect2: error: ld returned 1 exit status
CMakeFiles/cmTC_6472e.dir/build.make:97: recipe for target 'cmTC_6472e' failed
make[2]: *** [cmTC_6472e] Error 1
make[2]: Leaving directory '/home/hetarthvader/robomuse3xt_ws/src/serial/build/CMakeFiles/CMakeTmp'
Makefile:126: recipe for target 'cmTC_6472e/fast' failed
make[1]: *** [cmTC_6472e/fast] Error 2
make[1]: Leaving directory '/home/hetarthvader/robomuse3xt_ws/src/serial/build/CMakeFiles/CMakeTmp'


